Using pre-set license
Built from '2021.3/staging' branch; Version is '2021.3.34f1 (25266724e7bd) revision 2434663'; Using compiler version '192829333'; Build Type 'Release'
OS: 'Windows 10  (10.0.19045) 64bit Professional' Language: 'ru' Physical Memory: 16332 MB
BatchMode: 1, IsHumanControllingUs: 0, StartBugReporterOnCrash: 0, Is64bit: 1, IsPro: 1

COMMAND LINE ARGUMENTS:
C:\Program Files\Unity\Hub\Editor\2021.3.34f1\Editor\Unity.exe
-adb2
-batchMode
-noUpm
-name
AssetImportWorker2
-projectPath
D:/GameT
-logFile
Logs/AssetImportWorker2.log
-srvPort
55995
Successfully changed project path to: D:/GameT
D:/GameT
[UnityMemory] Configuration Parameters - Can be set up in boot.config
    "memorysetup-bucket-allocator-granularity=16"
    "memorysetup-bucket-allocator-bucket-count=8"
    "memorysetup-bucket-allocator-block-size=33554432"
    "memorysetup-bucket-allocator-block-count=8"
    "memorysetup-main-allocator-block-size=16777216"
    "memorysetup-thread-allocator-block-size=16777216"
    "memorysetup-gfx-main-allocator-block-size=16777216"
    "memorysetup-gfx-thread-allocator-block-size=16777216"
    "memorysetup-cache-allocator-block-size=4194304"
    "memorysetup-typetree-allocator-block-size=2097152"
    "memorysetup-profiler-bucket-allocator-granularity=16"
    "memorysetup-profiler-bucket-allocator-bucket-count=8"
    "memorysetup-profiler-bucket-allocator-block-size=33554432"
    "memorysetup-profiler-bucket-allocator-block-count=8"
    "memorysetup-profiler-allocator-block-size=16777216"
    "memorysetup-profiler-editor-allocator-block-size=1048576"
    "memorysetup-temp-allocator-size-main=16777216"
    "memorysetup-job-temp-allocator-block-size=2097152"
    "memorysetup-job-temp-allocator-block-size-background=1048576"
    "memorysetup-job-temp-allocator-reduction-small-platforms=262144"
    "memorysetup-temp-allocator-size-background-worker=32768"
    "memorysetup-temp-allocator-size-job-worker=262144"
    "memorysetup-temp-allocator-size-preload-manager=33554432"
    "memorysetup-temp-allocator-size-nav-mesh-worker=65536"
    "memorysetup-temp-allocator-size-audio-worker=65536"
    "memorysetup-temp-allocator-size-cloud-worker=32768"
    "memorysetup-temp-allocator-size-gi-baking-worker=262144"
    "memorysetup-temp-allocator-size-gfx=262144"
Player connection [21524] Host "[IP] 192.168.1.67 [Port] 0 [Flags] 2 [Guid] 1170748445 [EditorId] 1170748445 [Version] 1048832 [Id] WindowsEditor(7,WIN-GBR8QEFRMHE) [Debug] 1 [PackageName] WindowsEditor [ProjectName] Editor" joined multi-casting on [225.0.0.222:54997]...

Player connection [21524] Host "[IP] 192.168.1.67 [Port] 0 [Flags] 2 [Guid] 1170748445 [EditorId] 1170748445 [Version] 1048832 [Id] WindowsEditor(7,WIN-GBR8QEFRMHE) [Debug] 1 [PackageName] WindowsEditor [ProjectName] Editor" joined alternative multi-casting on [225.0.0.222:34997]...

[Physics::Module] Initialized MultithreadedJobDispatcher with {0} workers.
Refreshing native plugins compatible for Editor in 117.82 ms, found 3 plugins.
Preloading 0 native plugins for Editor in 0.00 ms.
Initialize engine version: 2021.3.34f1 (25266724e7bd)
[Subsystems] Discovering subsystems at path C:/Program Files/Unity/Hub/Editor/2021.3.34f1/Editor/Data/Resources/UnitySubsystems
[Subsystems] Discovering subsystems at path D:/GameT/Assets
GfxDevice: creating device client; threaded=0; jobified=0
Direct3D:
    Version:  Direct3D 11.0 [level 11.1]
    Renderer: NVIDIA GeForce RTX 2070 SUPER (ID=0x1e84)
    Vendor:   NVIDIA
    VRAM:     8003 MB
    Driver:   31.0.15.4601
Initialize mono
Mono path[0] = 'C:/Program Files/Unity/Hub/Editor/2021.3.34f1/Editor/Data/Managed'
Mono path[1] = 'C:/Program Files/Unity/Hub/Editor/2021.3.34f1/Editor/Data/MonoBleedingEdge/lib/mono/unityjit-win32'
Mono config path = 'C:/Program Files/Unity/Hub/Editor/2021.3.34f1/Editor/Data/MonoBleedingEdge/etc'
Using monoOptions --debugger-agent=transport=dt_socket,embedding=1,server=y,suspend=n,address=127.0.0.1:56564
Begin MonoManager ReloadAssembly
Registering precompiled unity dll's ...
Register platform support module: C:/Program Files/Unity/Hub/Editor/2021.3.34f1/Editor/Data/PlaybackEngines/AndroidPlayer/UnityEditor.Android.Extensions.dll
Register platform support module: C:/Program Files/Unity/Hub/Editor/2021.3.34f1/Editor/Data/PlaybackEngines/iOSSupport/UnityEditor.iOS.Extensions.dll
Register platform support module: C:/Program Files/Unity/Hub/Editor/2021.3.34f1/Editor/Data/PlaybackEngines/WindowsStandaloneSupport/UnityEditor.WindowsStandalone.Extensions.dll
Registered in 0.007816 seconds.
Native extension for WindowsStandalone target not found
[usbmuxd] Start listen thread
[usbmuxd] Listen thread started
Native extension for iOS target not found
Native extension for Android target not found
Android Extension - Scanning For ADB Devices 328 ms
Refreshing native plugins compatible for Editor in 85.99 ms, found 3 plugins.
Preloading 0 native plugins for Editor in 0.00 ms.
Mono: successfully reloaded assembly
- Completed reload, in  1.284 seconds
Domain Reload Profiling:
	ReloadAssembly (1285ms)
		BeginReloadAssembly (134ms)
			ExecutionOrderSort (0ms)
			DisableScriptedObjects (0ms)
			BackupInstance (0ms)
			ReleaseScriptingObjects (0ms)
			CreateAndSetChildDomain (1ms)
		EndReloadAssembly (1014ms)
			LoadAssemblies (132ms)
			RebuildTransferFunctionScriptingTraits (0ms)
			SetupTypeCache (144ms)
			ReleaseScriptCaches (0ms)
			RebuildScriptCaches (51ms)
			SetupLoadedEditorAssemblies (770ms)
				LogAssemblyErrors (0ms)
				InitializePlatformSupportModulesInManaged (509ms)
				SetLoadedEditorAssemblies (0ms)
				RefreshPlugins (86ms)
				BeforeProcessingInitializeOnLoad (2ms)
				ProcessInitializeOnLoadAttributes (114ms)
				ProcessInitializeOnLoadMethodAttributes (58ms)
				AfterProcessingInitializeOnLoad (0ms)
				EditorAssembliesLoaded (0ms)
			ExecutionOrderSort2 (0ms)
			AwakeInstancesAfterBackupRestoration (0ms)
Platform modules already initialized, skipping
Registering precompiled user dll's ...
Registered in 0.002843 seconds.
Begin MonoManager ReloadAssembly
Native extension for WindowsStandalone target not found
Native extension for iOS target not found
Native extension for Android target not found
Refreshing native plugins compatible for Editor in 0.75 ms, found 3 plugins.
Preloading 0 native plugins for Editor in 0.00 ms.
Package Manager log level set to [2]
[Package Manager] Server::EnsureServerProcessIsRunning -- launch failed, reason: Unity was launched with the -noUpm command-line argument
[Package Manager] Cannot connect to Unity Package Manager local server
Mono: successfully reloaded assembly
- Completed reload, in  1.977 seconds
Domain Reload Profiling:
	ReloadAssembly (1978ms)
		BeginReloadAssembly (190ms)
			ExecutionOrderSort (0ms)
			DisableScriptedObjects (12ms)
			BackupInstance (0ms)
			ReleaseScriptingObjects (0ms)
			CreateAndSetChildDomain (31ms)
		EndReloadAssembly (1648ms)
			LoadAssemblies (139ms)
			RebuildTransferFunctionScriptingTraits (0ms)
			SetupTypeCache (358ms)
			ReleaseScriptCaches (1ms)
			RebuildScriptCaches (74ms)
			SetupLoadedEditorAssemblies (1068ms)
				LogAssemblyErrors (0ms)
				InitializePlatformSupportModulesInManaged (45ms)
				SetLoadedEditorAssemblies (1ms)
				RefreshPlugins (1ms)
				BeforeProcessingInitializeOnLoad (102ms)
				ProcessInitializeOnLoadAttributes (885ms)
				ProcessInitializeOnLoadMethodAttributes (29ms)
				AfterProcessingInitializeOnLoad (6ms)
				EditorAssembliesLoaded (0ms)
			ExecutionOrderSort2 (0ms)
			AwakeInstancesAfterBackupRestoration (6ms)
Platform modules already initialized, skipping
========================================================================
Worker process is ready to serve import requests
Launched and connected shader compiler UnityShaderCompiler.exe after 0.12 seconds
Refreshing native plugins compatible for Editor in 0.91 ms, found 3 plugins.
Preloading 0 native plugins for Editor in 0.00 ms.
Unloading 3074 Unused Serialized files (Serialized files now loaded: 0)
Unloading 23 unused Assets / (46.8 KB). Loaded Objects now: 3540.
Memory consumption went from 114.1 MB to 114.1 MB.
Total: 5.262100 ms (FindLiveObjects: 0.534900 ms CreateObjectMapping: 0.142100 ms MarkObjects: 4.449200 ms  DeleteObjects: 0.133900 ms)

AssetImportParameters requested are different than current active one (requested -> active):
  custom:video-decoder-ogg-theora: a1e56fd34408186e4bbccfd4996cb3dc -> 
  custom:container-muxer-webm: aa71ff27fc2769a1b78a27578f13a17b -> 
  custom:container-demuxer-webm: 4f35f7cbe854078d1ac9338744f61a02 -> 
  custom:video-encoder-webm-vp8: eb34c28f22e8b96e1ab97ce403110664 -> 
  custom:CustomObjectIndexerAttribute: bc11b3a6c3213fcdd17b65e7da85e133 -> 
  custom:audio-encoder-webm-vorbis: bf7c407c2cedff20999df2af8eb42d56 -> 
  custom:framework-win-MediaFoundation: 216162199b28c13a410421893ffa2e32 -> 
  custom:SearchIndexIgnoredProperties: e643bd26f0fe6173181afceb89e7c659 -> 
  custom:container-demuxer-ogg: 62fdf1f143b41e24485cea50d1cbac27 -> 
  custom:video-decoder-webm-vp8: 9c59270c3fd7afecdb556c50c9e8de78 -> 
  custom:audio-decoder-ogg-vorbis: bf7c407c2cedff20999df2af8eb42d56 -> 
========================================================================
Received Import Request.
  Time since last request: 179939.614505 seconds.
  path: Assets/Low Poly Fruits/Prefabs/apple.prefab
  artifactKey: Guid(426b44a7575f71e479fab4f4e8431989) Importer(815301076,1909f56bfc062723c751e8b465ee728b)
Number of updated assets reloaded before import = 0
Start importing Assets/Low Poly Fruits/Prefabs/apple.prefab using Guid(426b44a7575f71e479fab4f4e8431989) Importer(815301076,1909f56bfc062723c751e8b465ee728b)  -> (artifact id: 'd4a5037263690d4635c4524990b4e806') in 0.222366 seconds 
Number of asset objects unloaded after import = 9
========================================================================
Received Prepare
Registering precompiled user dll's ...
Registered in 0.002591 seconds.
Begin MonoManager ReloadAssembly
Native extension for WindowsStandalone target not found
Native extension for iOS target not found
Native extension for Android target not found
Refreshing native plugins compatible for Editor in 1.00 ms, found 3 plugins.
Preloading 0 native plugins for Editor in 0.00 ms.
[Package Manager] Server::EnsureServerProcessIsRunning -- launch failed, reason: Unity was launched with the -noUpm command-line argument
[Package Manager] Cannot connect to Unity Package Manager local server
Mono: successfully reloaded assembly
- Completed reload, in  1.638 seconds
Domain Reload Profiling:
	ReloadAssembly (1639ms)
		BeginReloadAssembly (195ms)
			ExecutionOrderSort (0ms)
			DisableScriptedObjects (6ms)
			BackupInstance (0ms)
			ReleaseScriptingObjects (0ms)
			CreateAndSetChildDomain (44ms)
		EndReloadAssembly (1343ms)
			LoadAssemblies (132ms)
			RebuildTransferFunctionScriptingTraits (0ms)
			SetupTypeCache (306ms)
			ReleaseScriptCaches (1ms)
			RebuildScriptCaches (54ms)
			SetupLoadedEditorAssemblies (847ms)
				LogAssemblyErrors (0ms)
				InitializePlatformSupportModulesInManaged (39ms)
				SetLoadedEditorAssemblies (1ms)
				RefreshPlugins (1ms)
				BeforeProcessingInitializeOnLoad (74ms)
				ProcessInitializeOnLoadAttributes (699ms)
				ProcessInitializeOnLoadMethodAttributes (26ms)
				AfterProcessingInitializeOnLoad (7ms)
				EditorAssembliesLoaded (0ms)
			ExecutionOrderSort2 (0ms)
			AwakeInstancesAfterBackupRestoration (7ms)
Platform modules already initialized, skipping
Refreshing native plugins compatible for Editor in 0.63 ms, found 3 plugins.
Preloading 0 native plugins for Editor in 0.00 ms.
Unloading 3065 Unused Serialized files (Serialized files now loaded: 0)
Unloading 18 unused Assets / (22.0 KB). Loaded Objects now: 3550.
Memory consumption went from 113.6 MB to 113.6 MB.
Total: 3.226600 ms (FindLiveObjects: 0.330400 ms CreateObjectMapping: 0.125800 ms MarkObjects: 2.742500 ms  DeleteObjects: 0.026500 ms)

AssetImportParameters requested are different than current active one (requested -> active):
  custom:video-decoder-ogg-theora: a1e56fd34408186e4bbccfd4996cb3dc -> 
  custom:container-muxer-webm: aa71ff27fc2769a1b78a27578f13a17b -> 
  custom:container-demuxer-webm: 4f35f7cbe854078d1ac9338744f61a02 -> 
  custom:video-encoder-webm-vp8: eb34c28f22e8b96e1ab97ce403110664 -> 
  custom:CustomObjectIndexerAttribute: bc11b3a6c3213fcdd17b65e7da85e133 -> 
  custom:audio-encoder-webm-vorbis: bf7c407c2cedff20999df2af8eb42d56 -> 
  custom:framework-win-MediaFoundation: 216162199b28c13a410421893ffa2e32 -> 
  custom:SearchIndexIgnoredProperties: e643bd26f0fe6173181afceb89e7c659 -> 
  custom:container-demuxer-ogg: 62fdf1f143b41e24485cea50d1cbac27 -> 
  custom:video-decoder-webm-vp8: 9c59270c3fd7afecdb556c50c9e8de78 -> 
  custom:audio-decoder-ogg-vorbis: bf7c407c2cedff20999df2af8eb42d56 -> 
========================================================================
Received Prepare
Registering precompiled user dll's ...
Registered in 0.002521 seconds.
Begin MonoManager ReloadAssembly
Native extension for WindowsStandalone target not found
Native extension for iOS target not found
Native extension for Android target not found
Refreshing native plugins compatible for Editor in 0.62 ms, found 3 plugins.
Preloading 0 native plugins for Editor in 0.00 ms.
[Package Manager] Server::EnsureServerProcessIsRunning -- launch failed, reason: Unity was launched with the -noUpm command-line argument
[Package Manager] Cannot connect to Unity Package Manager local server
Mono: successfully reloaded assembly
- Completed reload, in  1.591 seconds
Domain Reload Profiling:
	ReloadAssembly (1592ms)
		BeginReloadAssembly (171ms)
			ExecutionOrderSort (0ms)
			DisableScriptedObjects (8ms)
			BackupInstance (0ms)
			ReleaseScriptingObjects (0ms)
			CreateAndSetChildDomain (37ms)
		EndReloadAssembly (1323ms)
			LoadAssemblies (112ms)
			RebuildTransferFunctionScriptingTraits (0ms)
			SetupTypeCache (295ms)
			ReleaseScriptCaches (1ms)
			RebuildScriptCaches (54ms)
			SetupLoadedEditorAssemblies (843ms)
				LogAssemblyErrors (0ms)
				InitializePlatformSupportModulesInManaged (39ms)
				SetLoadedEditorAssemblies (1ms)
				RefreshPlugins (1ms)
				BeforeProcessingInitializeOnLoad (75ms)
				ProcessInitializeOnLoadAttributes (697ms)
				ProcessInitializeOnLoadMethodAttributes (25ms)
				AfterProcessingInitializeOnLoad (6ms)
				EditorAssembliesLoaded (0ms)
			ExecutionOrderSort2 (0ms)
			AwakeInstancesAfterBackupRestoration (6ms)
Platform modules already initialized, skipping
Refreshing native plugins compatible for Editor in 0.82 ms, found 3 plugins.
Preloading 0 native plugins for Editor in 0.00 ms.
Unloading 3065 Unused Serialized files (Serialized files now loaded: 0)
Unloading 18 unused Assets / (21.9 KB). Loaded Objects now: 3553.
Memory consumption went from 113.6 MB to 113.6 MB.
Total: 3.796400 ms (FindLiveObjects: 0.298000 ms CreateObjectMapping: 0.087400 ms MarkObjects: 3.376700 ms  DeleteObjects: 0.033200 ms)

AssetImportParameters requested are different than current active one (requested -> active):
  custom:video-decoder-ogg-theora: a1e56fd34408186e4bbccfd4996cb3dc -> 
  custom:container-muxer-webm: aa71ff27fc2769a1b78a27578f13a17b -> 
  custom:container-demuxer-webm: 4f35f7cbe854078d1ac9338744f61a02 -> 
  custom:video-encoder-webm-vp8: eb34c28f22e8b96e1ab97ce403110664 -> 
  custom:CustomObjectIndexerAttribute: bc11b3a6c3213fcdd17b65e7da85e133 -> 
  custom:audio-encoder-webm-vorbis: bf7c407c2cedff20999df2af8eb42d56 -> 
  custom:framework-win-MediaFoundation: 216162199b28c13a410421893ffa2e32 -> 
  custom:SearchIndexIgnoredProperties: e643bd26f0fe6173181afceb89e7c659 -> 
  custom:container-demuxer-ogg: 62fdf1f143b41e24485cea50d1cbac27 -> 
  custom:video-decoder-webm-vp8: 9c59270c3fd7afecdb556c50c9e8de78 -> 
  custom:audio-decoder-ogg-vorbis: bf7c407c2cedff20999df2af8eb42d56 -> 
========================================================================
Received Prepare
Registering precompiled user dll's ...
Registered in 0.005008 seconds.
Begin MonoManager ReloadAssembly
Native extension for WindowsStandalone target not found
Native extension for iOS target not found
Native extension for Android target not found
Refreshing native plugins compatible for Editor in 0.70 ms, found 3 plugins.
Preloading 0 native plugins for Editor in 0.00 ms.
[Package Manager] Server::EnsureServerProcessIsRunning -- launch failed, reason: Unity was launched with the -noUpm command-line argument
[Package Manager] Cannot connect to Unity Package Manager local server
Mono: successfully reloaded assembly
- Completed reload, in  1.625 seconds
Domain Reload Profiling:
	ReloadAssembly (1626ms)
		BeginReloadAssembly (166ms)
			ExecutionOrderSort (0ms)
			DisableScriptedObjects (7ms)
			BackupInstance (0ms)
			ReleaseScriptingObjects (0ms)
			CreateAndSetChildDomain (38ms)
		EndReloadAssembly (1362ms)
			LoadAssemblies (111ms)
			RebuildTransferFunctionScriptingTraits (0ms)
			SetupTypeCache (310ms)
			ReleaseScriptCaches (1ms)
			RebuildScriptCaches (53ms)
			SetupLoadedEditorAssemblies (863ms)
				LogAssemblyErrors (0ms)
				InitializePlatformSupportModulesInManaged (34ms)
				SetLoadedEditorAssemblies (0ms)
				RefreshPlugins (1ms)
				BeforeProcessingInitializeOnLoad (73ms)
				ProcessInitializeOnLoadAttributes (707ms)
				ProcessInitializeOnLoadMethodAttributes (33ms)
				AfterProcessingInitializeOnLoad (14ms)
				EditorAssembliesLoaded (0ms)
			ExecutionOrderSort2 (0ms)
			AwakeInstancesAfterBackupRestoration (9ms)
Platform modules already initialized, skipping
Refreshing native plugins compatible for Editor in 0.93 ms, found 3 plugins.
Preloading 0 native plugins for Editor in 0.00 ms.
Unloading 3112 Unused Serialized files (Serialized files now loaded: 0)
Unloading 31 unused Assets / (0.7 MB). Loaded Objects now: 3590.
Memory consumption went from 116.9 MB to 116.2 MB.
Total: 4.125100 ms (FindLiveObjects: 0.330600 ms CreateObjectMapping: 0.116400 ms MarkObjects: 3.219000 ms  DeleteObjects: 0.457700 ms)

AssetImportParameters requested are different than current active one (requested -> active):
  custom:video-decoder-ogg-theora: a1e56fd34408186e4bbccfd4996cb3dc -> 
  custom:container-muxer-webm: aa71ff27fc2769a1b78a27578f13a17b -> 
  custom:container-demuxer-webm: 4f35f7cbe854078d1ac9338744f61a02 -> 
  custom:video-encoder-webm-vp8: eb34c28f22e8b96e1ab97ce403110664 -> 
  custom:CustomObjectIndexerAttribute: bc11b3a6c3213fcdd17b65e7da85e133 -> 
  custom:audio-encoder-webm-vorbis: bf7c407c2cedff20999df2af8eb42d56 -> 
  custom:framework-win-MediaFoundation: 216162199b28c13a410421893ffa2e32 -> 
  custom:SearchIndexIgnoredProperties: e643bd26f0fe6173181afceb89e7c659 -> 
  custom:container-demuxer-ogg: 62fdf1f143b41e24485cea50d1cbac27 -> 
  custom:video-decoder-webm-vp8: 9c59270c3fd7afecdb556c50c9e8de78 -> 
  custom:audio-decoder-ogg-vorbis: bf7c407c2cedff20999df2af8eb42d56 -> 
========================================================================
Received Import Request.
  Time since last request: 831.517447 seconds.
  path: Assets/Low Poly Fruits/resources/Low Poly Fruits Logo.psd
  artifactKey: Guid(a7dd774fbdca87d48a37218778589c48) Importer(815301076,1909f56bfc062723c751e8b465ee728b)
Number of updated assets reloaded before import = 0
Start importing Assets/Low Poly Fruits/resources/Low Poly Fruits Logo.psd using Guid(a7dd774fbdca87d48a37218778589c48) Importer(815301076,1909f56bfc062723c751e8b465ee728b)  -> (artifact id: '378053f365b2987693c7aa8719e36a29') in 0.128495 seconds 
Number of asset objects unloaded after import = 3
========================================================================
Received Import Request.
  Time since last request: 108.613954 seconds.
  path: Assets/Low Poly Fruits/Fruits_FBX.fbx
  artifactKey: Guid(3f4d2118f6a772542a1635ef5bfa6982) Importer(815301076,1909f56bfc062723c751e8b465ee728b)
Number of updated assets reloaded before import = 0
Start importing Assets/Low Poly Fruits/Fruits_FBX.fbx using Guid(3f4d2118f6a772542a1635ef5bfa6982) Importer(815301076,1909f56bfc062723c751e8b465ee728b)  -> (artifact id: 'd22557207086c53fa8dc153176906994') in 0.278236 seconds 
Number of asset objects unloaded after import = 56
========================================================================
Received Import Request.
  Time since last request: 2.725317 seconds.
  path: Assets/Low Poly Fruits/Materials/Fruits_Texture.png
  artifactKey: Guid(45df95f9f966e52418e878fe07503b07) Importer(815301076,1909f56bfc062723c751e8b465ee728b)
Number of updated assets reloaded before import = 0
Start importing Assets/Low Poly Fruits/Materials/Fruits_Texture.png using Guid(45df95f9f966e52418e878fe07503b07) Importer(815301076,1909f56bfc062723c751e8b465ee728b)  -> (artifact id: 'b2f49c6ce3c6046d2fc7cdb2bfb8d45c') in 0.050393 seconds 
Number of asset objects unloaded after import = 2
========================================================================
Received Import Request.
  Time since last request: 448.753825 seconds.
  path: Assets/2D Casual UI/Original Artwork/GUI.psd
  artifactKey: Guid(836eca08b5e3b4550a4538c2238266fd) Importer(815301076,1909f56bfc062723c751e8b465ee728b)
Number of updated assets reloaded before import = 0
Start importing Assets/2D Casual UI/Original Artwork/GUI.psd using Guid(836eca08b5e3b4550a4538c2238266fd) Importer(815301076,1909f56bfc062723c751e8b465ee728b)  -> (artifact id: 'a98068a0cb09b633c8d65df02c82b731') in 0.371174 seconds 
Number of asset objects unloaded after import = 3
========================================================================
Received Import Request.
  Time since last request: 178.356687 seconds.
  path: Assets/LowPolyEnviroPack_LITE_builtIn/BlocksAndTrees/Meshes/Tree_Cube_SumAut_Small.fbx
  artifactKey: Guid(2668412dcf5b4e543a6394ef548add36) Importer(815301076,1909f56bfc062723c751e8b465ee728b)
Number of updated assets reloaded before import = 0
Start importing Assets/LowPolyEnviroPack_LITE_builtIn/BlocksAndTrees/Meshes/Tree_Cube_SumAut_Small.fbx using Guid(2668412dcf5b4e543a6394ef548add36) Importer(815301076,1909f56bfc062723c751e8b465ee728b)  -> (artifact id: '8999f43ab97940716e957783ea1b1105') in 0.108192 seconds 
Number of asset objects unloaded after import = 10
========================================================================
Received Import Request.
  Time since last request: 0.000022 seconds.
  path: Assets/LowPolyEnviroPack_LITE_builtIn/BlocksAndTrees/Meshes/Tree_Cube_Winter_Small.fbx
  artifactKey: Guid(a94af7c4414fb724ab7123290889c432) Importer(815301076,1909f56bfc062723c751e8b465ee728b)
Number of updated assets reloaded before import = 0
Start importing Assets/LowPolyEnviroPack_LITE_builtIn/BlocksAndTrees/Meshes/Tree_Cube_Winter_Small.fbx using Guid(a94af7c4414fb724ab7123290889c432) Importer(815301076,1909f56bfc062723c751e8b465ee728b)  -> (artifact id: '131da7370a19dcf9d08c5666c7f08dbb') in 0.026503 seconds 
Number of asset objects unloaded after import = 10
========================================================================
Received Import Request.
  Time since last request: 0.000019 seconds.
  path: Assets/LowPolyEnviroPack_LITE_builtIn/BlocksAndTrees/Meshes/Tree_Cube_Winter_Small_Alt.fbx
  artifactKey: Guid(7743e2fe410517744921f9d1d30c054a) Importer(815301076,1909f56bfc062723c751e8b465ee728b)
Number of updated assets reloaded before import = 0
Start importing Assets/LowPolyEnviroPack_LITE_builtIn/BlocksAndTrees/Meshes/Tree_Cube_Winter_Small_Alt.fbx using Guid(7743e2fe410517744921f9d1d30c054a) Importer(815301076,1909f56bfc062723c751e8b465ee728b)  -> (artifact id: '584cf612531a83937dc552ad85abf631') in 0.038921 seconds 
Number of asset objects unloaded after import = 10
========================================================================
Received Import Request.
  Time since last request: 0.000018 seconds.
  path: Assets/LowPolyEnviroPack_LITE_builtIn/BlocksAndTrees/Meshes/Tree_Small_E.fbx
  artifactKey: Guid(e4ac51746797f2e4293a32d5798a711a) Importer(815301076,1909f56bfc062723c751e8b465ee728b)
Number of updated assets reloaded before import = 0
Start importing Assets/LowPolyEnviroPack_LITE_builtIn/BlocksAndTrees/Meshes/Tree_Small_E.fbx using Guid(e4ac51746797f2e4293a32d5798a711a) Importer(815301076,1909f56bfc062723c751e8b465ee728b)  -> (artifact id: 'dff98b8a2107493ca795faa1f6ef51b8') in 0.028560 seconds 
Number of asset objects unloaded after import = 10
========================================================================
Received Import Request.
  Time since last request: 0.000034 seconds.
  path: Assets/LowPolyEnviroPack_LITE_builtIn/BlocksAndTrees/Meshes/Tree_Small_D.fbx
  artifactKey: Guid(577843e909849c74e92a3ea0cee5b53d) Importer(815301076,1909f56bfc062723c751e8b465ee728b)
Number of updated assets reloaded before import = 0
Start importing Assets/LowPolyEnviroPack_LITE_builtIn/BlocksAndTrees/Meshes/Tree_Small_D.fbx using Guid(577843e909849c74e92a3ea0cee5b53d) Importer(815301076,1909f56bfc062723c751e8b465ee728b)  -> (artifact id: '229c3ee24bf9dd64b808387db5679872') in 0.016265 seconds 
Number of asset objects unloaded after import = 10
========================================================================
Received Import Request.
  Time since last request: 0.000023 seconds.
  path: Assets/LowPolyEnviroPack_LITE_builtIn/BlocksAndTrees/Meshes/Tree_Small_G.fbx
  artifactKey: Guid(cb97b63ea827ef943bf415437edbd45d) Importer(815301076,1909f56bfc062723c751e8b465ee728b)
Number of updated assets reloaded before import = 0
Start importing Assets/LowPolyEnviroPack_LITE_builtIn/BlocksAndTrees/Meshes/Tree_Small_G.fbx using Guid(cb97b63ea827ef943bf415437edbd45d) Importer(815301076,1909f56bfc062723c751e8b465ee728b)  -> (artifact id: 'fca94e4c3c0d00a7289f358c1e8adfef') in 0.031487 seconds 
Number of asset objects unloaded after import = 10
========================================================================
Received Import Request.
  Time since last request: 0.000026 seconds.
  path: Assets/LowPolyEnviroPack_LITE_builtIn/BlocksAndTrees/Meshes/Tree_Small_F.fbx
  artifactKey: Guid(926d62e2ab4c8ea4eaa865d640788530) Importer(815301076,1909f56bfc062723c751e8b465ee728b)
Number of updated assets reloaded before import = 0
Start importing Assets/LowPolyEnviroPack_LITE_builtIn/BlocksAndTrees/Meshes/Tree_Small_F.fbx using Guid(926d62e2ab4c8ea4eaa865d640788530) Importer(815301076,1909f56bfc062723c751e8b465ee728b)  -> (artifact id: '073fe5d78785a39b81f3d1c719c21b0e') in 0.024168 seconds 
Number of asset objects unloaded after import = 10
========================================================================
Received Import Request.
  Time since last request: 1.116097 seconds.
  path: Assets/LowPolyEnviroPack_LITE_builtIn/BlocksAndTrees/Meshes/Tree_Cube_Winter_Alt.fbx
  artifactKey: Guid(1eff1047c53c1bc48a9de5f4ac577162) Importer(815301076,1909f56bfc062723c751e8b465ee728b)
Number of updated assets reloaded before import = 0
Start importing Assets/LowPolyEnviroPack_LITE_builtIn/BlocksAndTrees/Meshes/Tree_Cube_Winter_Alt.fbx using Guid(1eff1047c53c1bc48a9de5f4ac577162) Importer(815301076,1909f56bfc062723c751e8b465ee728b)  -> (artifact id: '4707dedaca61e03ed027a2cb0e7c405e') in 0.075767 seconds 
Number of asset objects unloaded after import = 10
========================================================================
Received Import Request.
  Time since last request: 0.000022 seconds.
  path: Assets/LowPolyEnviroPack_LITE_builtIn/BlocksAndTrees/Meshes/Tree_Cube_Summer.fbx
  artifactKey: Guid(126b8d9f903da714fbc1cec740b8d2a3) Importer(815301076,1909f56bfc062723c751e8b465ee728b)
Number of updated assets reloaded before import = 0
Start importing Assets/LowPolyEnviroPack_LITE_builtIn/BlocksAndTrees/Meshes/Tree_Cube_Summer.fbx using Guid(126b8d9f903da714fbc1cec740b8d2a3) Importer(815301076,1909f56bfc062723c751e8b465ee728b)  -> (artifact id: '796707d2e3f1c7c63f3f2a40ebefd998') in 0.017414 seconds 
Number of asset objects unloaded after import = 10
========================================================================
Received Import Request.
  Time since last request: 0.016502 seconds.
  path: Assets/LowPolyEnviroPack_LITE_builtIn/BlocksAndTrees/Meshes/Tree_Cube_SumAut.fbx
  artifactKey: Guid(bcf8dbdc953823045bc011362fc77299) Importer(815301076,1909f56bfc062723c751e8b465ee728b)
Number of updated assets reloaded before import = 0
Start importing Assets/LowPolyEnviroPack_LITE_builtIn/BlocksAndTrees/Meshes/Tree_Cube_SumAut.fbx using Guid(bcf8dbdc953823045bc011362fc77299) Importer(815301076,1909f56bfc062723c751e8b465ee728b)  -> (artifact id: '12c310cf2d2ca41be3735311e16d09f9') in 0.028858 seconds 
Number of asset objects unloaded after import = 10
========================================================================
Received Import Request.
  Time since last request: 0.525055 seconds.
  path: Assets/LowPolyEnviroPack_LITE_builtIn/BlocksAndTrees/Meshes/Tree_Cube_Spring.fbx
  artifactKey: Guid(261fa4606ffbb1d4ab66e45613321616) Importer(815301076,1909f56bfc062723c751e8b465ee728b)
Number of updated assets reloaded before import = 0
Start importing Assets/LowPolyEnviroPack_LITE_builtIn/BlocksAndTrees/Meshes/Tree_Cube_Spring.fbx using Guid(261fa4606ffbb1d4ab66e45613321616) Importer(815301076,1909f56bfc062723c751e8b465ee728b)  -> (artifact id: 'fda1c3f4e7d1fb9274da95392a2f0092') in 0.026570 seconds 
Number of asset objects unloaded after import = 10
========================================================================
Received Import Request.
  Time since last request: 0.077444 seconds.
  path: Assets/LowPolyEnviroPack_LITE_builtIn/BlocksAndTrees/Meshes/Tree_Cube_Autumn.fbx
  artifactKey: Guid(a1e877abeab76674ab7a428c560db91e) Importer(815301076,1909f56bfc062723c751e8b465ee728b)
Number of updated assets reloaded before import = 0
Start importing Assets/LowPolyEnviroPack_LITE_builtIn/BlocksAndTrees/Meshes/Tree_Cube_Autumn.fbx using Guid(a1e877abeab76674ab7a428c560db91e) Importer(815301076,1909f56bfc062723c751e8b465ee728b)  -> (artifact id: '53fdcfba5f08edfc1eb19cd1e2e83800') in 0.016722 seconds 
Number of asset objects unloaded after import = 10
========================================================================
Received Import Request.
  Time since last request: 0.045759 seconds.
  path: Assets/LowPolyEnviroPack_LITE_builtIn/BlocksAndTrees/Meshes/SilverBirchTreeMediumB.fbx
  artifactKey: Guid(35f6954680119044e942f5b579d5c997) Importer(815301076,1909f56bfc062723c751e8b465ee728b)
Number of updated assets reloaded before import = 0
Start importing Assets/LowPolyEnviroPack_LITE_builtIn/BlocksAndTrees/Meshes/SilverBirchTreeMediumB.fbx using Guid(35f6954680119044e942f5b579d5c997) Importer(815301076,1909f56bfc062723c751e8b465ee728b)  -> (artifact id: '3c39bba634946e73efd627802da98781') in 0.022203 seconds 
Number of asset objects unloaded after import = 10
========================================================================
Received Import Request.
  Time since last request: 0.013612 seconds.
  path: Assets/LowPolyEnviroPack_LITE_builtIn/BlocksAndTrees/Meshes/SilverBirchTreeLarge.fbx
  artifactKey: Guid(9f8d4b60221bbb6439840c9bef8a3594) Importer(815301076,1909f56bfc062723c751e8b465ee728b)
Number of updated assets reloaded before import = 0
Start importing Assets/LowPolyEnviroPack_LITE_builtIn/BlocksAndTrees/Meshes/SilverBirchTreeLarge.fbx using Guid(9f8d4b60221bbb6439840c9bef8a3594) Importer(815301076,1909f56bfc062723c751e8b465ee728b)  -> (artifact id: '8ca2b8a2cf715d83778f2961afa7a11a') in 0.027455 seconds 
Number of asset objects unloaded after import = 10
========================================================================
Received Import Request.
  Time since last request: 0.401006 seconds.
  path: Assets/LowPolyEnviroPack_LITE_builtIn/BlocksAndTrees/Meshes/Tree_Small_B.fbx
  artifactKey: Guid(d43e721de08bef04e835bd71fb4d87f1) Importer(815301076,1909f56bfc062723c751e8b465ee728b)
Number of updated assets reloaded before import = 0
Start importing Assets/LowPolyEnviroPack_LITE_builtIn/BlocksAndTrees/Meshes/Tree_Small_B.fbx using Guid(d43e721de08bef04e835bd71fb4d87f1) Importer(815301076,1909f56bfc062723c751e8b465ee728b)  -> (artifact id: '79ef9021ef040185cb81b46665107928') in 0.046870 seconds 
Number of asset objects unloaded after import = 10
========================================================================
Received Import Request.
  Time since last request: 0.000041 seconds.
  path: Assets/LowPolyEnviroPack_LITE_builtIn/BlocksAndTrees/Meshes/Tree_Small_A.fbx
  artifactKey: Guid(af4a94b37cad5b8409e1455d932f1437) Importer(815301076,1909f56bfc062723c751e8b465ee728b)
Number of updated assets reloaded before import = 0
Start importing Assets/LowPolyEnviroPack_LITE_builtIn/BlocksAndTrees/Meshes/Tree_Small_A.fbx using Guid(af4a94b37cad5b8409e1455d932f1437) Importer(815301076,1909f56bfc062723c751e8b465ee728b)  -> (artifact id: '243f0b85f86a62ec48cb65a5e24581b2') in 0.032902 seconds 
Number of asset objects unloaded after import = 10
========================================================================
Received Import Request.
  Time since last request: 0.011606 seconds.
  path: Assets/LowPolyEnviroPack_LITE_builtIn/BlocksAndTrees/Meshes/Tree_Large_F.fbx
  artifactKey: Guid(552772bd693d5cc46b7a087cf9c2eb4d) Importer(815301076,1909f56bfc062723c751e8b465ee728b)
Number of updated assets reloaded before import = 0
Start importing Assets/LowPolyEnviroPack_LITE_builtIn/BlocksAndTrees/Meshes/Tree_Large_F.fbx using Guid(552772bd693d5cc46b7a087cf9c2eb4d) Importer(815301076,1909f56bfc062723c751e8b465ee728b)  -> (artifact id: '5b89dadbff7cd112ee9b12768bb34e81') in 0.037450 seconds 
Number of asset objects unloaded after import = 10
========================================================================
Received Import Request.
  Time since last request: 0.000017 seconds.
  path: Assets/LowPolyEnviroPack_LITE_builtIn/BlocksAndTrees/Meshes/Tree_Medium_A.fbx
  artifactKey: Guid(10b44c8ef6347ce4a9ffc147dd5dabf0) Importer(815301076,1909f56bfc062723c751e8b465ee728b)
Number of updated assets reloaded before import = 0
Start importing Assets/LowPolyEnviroPack_LITE_builtIn/BlocksAndTrees/Meshes/Tree_Medium_A.fbx using Guid(10b44c8ef6347ce4a9ffc147dd5dabf0) Importer(815301076,1909f56bfc062723c751e8b465ee728b)  -> (artifact id: 'a508be7ee750357b3197aca88b0492d5') in 0.033823 seconds 
Number of asset objects unloaded after import = 10
========================================================================
Received Import Request.
  Time since last request: 0.335812 seconds.
  path: Assets/LowPolyEnviroPack_LITE_builtIn/BlocksAndTrees/Meshes/Tree_Large_C.fbx
  artifactKey: Guid(51d7a7837d2be0c4baa5b6861c1b92cd) Importer(815301076,1909f56bfc062723c751e8b465ee728b)
Number of updated assets reloaded before import = 0
Start importing Assets/LowPolyEnviroPack_LITE_builtIn/BlocksAndTrees/Meshes/Tree_Large_C.fbx using Guid(51d7a7837d2be0c4baa5b6861c1b92cd) Importer(815301076,1909f56bfc062723c751e8b465ee728b)  -> (artifact id: '80f961f60f44be97f633cfbdf9ac1681') in 0.044870 seconds 
Number of asset objects unloaded after import = 10
========================================================================
Received Import Request.
  Time since last request: 0.015000 seconds.
  path: Assets/LowPolyEnviroPack_LITE_builtIn/BlocksAndTrees/Meshes/Tree_Large_B.fbx
  artifactKey: Guid(f08bb33cbc2763841b783e0ff87332a7) Importer(815301076,1909f56bfc062723c751e8b465ee728b)
Number of updated assets reloaded before import = 0
Start importing Assets/LowPolyEnviroPack_LITE_builtIn/BlocksAndTrees/Meshes/Tree_Large_B.fbx using Guid(f08bb33cbc2763841b783e0ff87332a7) Importer(815301076,1909f56bfc062723c751e8b465ee728b)  -> (artifact id: '710506ac90c3c8c01673dbbcbc37f179') in 0.059610 seconds 
Number of asset objects unloaded after import = 10
========================================================================
Received Import Request.
  Time since last request: 0.000023 seconds.
  path: Assets/LowPolyEnviroPack_LITE_builtIn/BlocksAndTrees/Meshes/Tree_Medium_C.fbx
  artifactKey: Guid(19aa035b3cc0ee8468314e983dcaa8a3) Importer(815301076,1909f56bfc062723c751e8b465ee728b)
Number of updated assets reloaded before import = 0
Start importing Assets/LowPolyEnviroPack_LITE_builtIn/BlocksAndTrees/Meshes/Tree_Medium_C.fbx using Guid(19aa035b3cc0ee8468314e983dcaa8a3) Importer(815301076,1909f56bfc062723c751e8b465ee728b)  -> (artifact id: 'e160bd96c7bc6182f7c5c331f6faeb97') in 0.027303 seconds 
Number of asset objects unloaded after import = 10
========================================================================
Received Import Request.
  Time since last request: 0.008914 seconds.
  path: Assets/LowPolyEnviroPack_LITE_builtIn/BlocksAndTrees/Meshes/RockPlainGrey2.fbx
  artifactKey: Guid(33d70f8c8bfd4224d87e184cbf7fdf52) Importer(815301076,1909f56bfc062723c751e8b465ee728b)
Number of updated assets reloaded before import = 0
Start importing Assets/LowPolyEnviroPack_LITE_builtIn/BlocksAndTrees/Meshes/RockPlainGrey2.fbx using Guid(33d70f8c8bfd4224d87e184cbf7fdf52) Importer(815301076,1909f56bfc062723c751e8b465ee728b)  -> (artifact id: '9516f505df90265b8cdcba6f9e3b058f') in 0.047181 seconds 
Number of asset objects unloaded after import = 10
========================================================================
Received Import Request.
  Time since last request: 0.356788 seconds.
  path: Assets/LowPolyEnviroPack_LITE_builtIn/BlocksAndTrees/Meshes/Tree_Medium_D.fbx
  artifactKey: Guid(a8c2357105bbbbe4688f85277cccc5c1) Importer(815301076,1909f56bfc062723c751e8b465ee728b)
Number of updated assets reloaded before import = 0
Start importing Assets/LowPolyEnviroPack_LITE_builtIn/BlocksAndTrees/Meshes/Tree_Medium_D.fbx using Guid(a8c2357105bbbbe4688f85277cccc5c1) Importer(815301076,1909f56bfc062723c751e8b465ee728b)  -> (artifact id: '913adaaa776b13fa770f8e79946b5bce') in 0.020136 seconds 
Number of asset objects unloaded after import = 10
========================================================================
Received Import Request.
  Time since last request: 0.040723 seconds.
  path: Assets/LowPolyEnviroPack_LITE_builtIn/BlocksAndTrees/Meshes/Tree_Fern_SmallWide_Summer.fbx
  artifactKey: Guid(55c4a7556586d1a41af84401e23c7f81) Importer(815301076,1909f56bfc062723c751e8b465ee728b)
Number of updated assets reloaded before import = 0
Start importing Assets/LowPolyEnviroPack_LITE_builtIn/BlocksAndTrees/Meshes/Tree_Fern_SmallWide_Summer.fbx using Guid(55c4a7556586d1a41af84401e23c7f81) Importer(815301076,1909f56bfc062723c751e8b465ee728b)  -> (artifact id: '1fffec80b63cb5e41519c42354bf7423') in 0.016171 seconds 
Number of asset objects unloaded after import = 10
========================================================================
Received Import Request.
  Time since last request: 0.000069 seconds.
  path: Assets/LowPolyEnviroPack_LITE_builtIn/BlocksAndTrees/Meshes/Tree_Fern_Small_Winter.fbx
  artifactKey: Guid(a31004de3612a3e4e81fae9e0342cf4b) Importer(815301076,1909f56bfc062723c751e8b465ee728b)
Number of updated assets reloaded before import = 0
Start importing Assets/LowPolyEnviroPack_LITE_builtIn/BlocksAndTrees/Meshes/Tree_Fern_Small_Winter.fbx using Guid(a31004de3612a3e4e81fae9e0342cf4b) Importer(815301076,1909f56bfc062723c751e8b465ee728b)  -> (artifact id: '3f08e94ed696875e9ccb29616ee786fa') in 0.017244 seconds 
Number of asset objects unloaded after import = 10
========================================================================
Received Import Request.
  Time since last request: 0.038462 seconds.
  path: Assets/LowPolyEnviroPack_LITE_builtIn/BlocksAndTrees/Meshes/Tree_Fern_Small_Summer.fbx
  artifactKey: Guid(0922615b8cf37de4dbed5ebaeb515038) Importer(815301076,1909f56bfc062723c751e8b465ee728b)
Number of updated assets reloaded before import = 0
Start importing Assets/LowPolyEnviroPack_LITE_builtIn/BlocksAndTrees/Meshes/Tree_Fern_Small_Summer.fbx using Guid(0922615b8cf37de4dbed5ebaeb515038) Importer(815301076,1909f56bfc062723c751e8b465ee728b)  -> (artifact id: '9cf243dbd318e5ea8b7b78e13ca27c95') in 0.024479 seconds 
Number of asset objects unloaded after import = 10
========================================================================
Received Import Request.
  Time since last request: 0.000020 seconds.
  path: Assets/LowPolyEnviroPack_LITE_builtIn/BlocksAndTrees/Meshes/Tree_Fern_Small_SumAut.fbx
  artifactKey: Guid(24385fac2f0992d4db00a60ea4c64726) Importer(815301076,1909f56bfc062723c751e8b465ee728b)
Number of updated assets reloaded before import = 0
Start importing Assets/LowPolyEnviroPack_LITE_builtIn/BlocksAndTrees/Meshes/Tree_Fern_Small_SumAut.fbx using Guid(24385fac2f0992d4db00a60ea4c64726) Importer(815301076,1909f56bfc062723c751e8b465ee728b)  -> (artifact id: 'b6008fad6ed21f3709273452eb0822db') in 0.020158 seconds 
Number of asset objects unloaded after import = 10
========================================================================
Received Import Request.
  Time since last request: 0.507670 seconds.
  path: Assets/LowPolyEnviroPack_LITE_builtIn/BlocksAndTrees/Meshes/Tree_Fern_Tall_SumAut.fbx
  artifactKey: Guid(9c1b80ac22fa2794c8c3faa0fda4a3d5) Importer(815301076,1909f56bfc062723c751e8b465ee728b)
Number of updated assets reloaded before import = 0
Start importing Assets/LowPolyEnviroPack_LITE_builtIn/BlocksAndTrees/Meshes/Tree_Fern_Tall_SumAut.fbx using Guid(9c1b80ac22fa2794c8c3faa0fda4a3d5) Importer(815301076,1909f56bfc062723c751e8b465ee728b)  -> (artifact id: 'c8c80c2d2b78b9c3a1b8411bc6250c08') in 0.021994 seconds 
Number of asset objects unloaded after import = 10
========================================================================
Received Import Request.
  Time since last request: 0.040509 seconds.
  path: Assets/LowPolyEnviroPack_LITE_builtIn/BlocksAndTrees/Meshes/RockPlainBrown2.fbx
  artifactKey: Guid(2f32a3b1893886e4caaee2987c67f4bd) Importer(815301076,1909f56bfc062723c751e8b465ee728b)
Number of updated assets reloaded before import = 0
Start importing Assets/LowPolyEnviroPack_LITE_builtIn/BlocksAndTrees/Meshes/RockPlainBrown2.fbx using Guid(2f32a3b1893886e4caaee2987c67f4bd) Importer(815301076,1909f56bfc062723c751e8b465ee728b)  -> (artifact id: '2ef64c514c54d1f05a78af27cd85c21d') in 0.017181 seconds 
Number of asset objects unloaded after import = 10
========================================================================
Received Import Request.
  Time since last request: 0.021085 seconds.
  path: Assets/LowPolyEnviroPack_LITE_builtIn/BlocksAndTrees/Meshes/Block_LavaBase.fbx
  artifactKey: Guid(881f27bc558e64d4983e73ddeb0afcf9) Importer(815301076,1909f56bfc062723c751e8b465ee728b)
Number of updated assets reloaded before import = 0
Start importing Assets/LowPolyEnviroPack_LITE_builtIn/BlocksAndTrees/Meshes/Block_LavaBase.fbx using Guid(881f27bc558e64d4983e73ddeb0afcf9) Importer(815301076,1909f56bfc062723c751e8b465ee728b)  -> (artifact id: '11ab2b52ce86b2ad5d74b88ce1d019d2') in 0.027075 seconds 
Number of asset objects unloaded after import = 10
========================================================================
Received Import Request.
  Time since last request: 0.401875 seconds.
  path: Assets/LowPolyEnviroPack_LITE_builtIn/BlocksAndTrees/Meshes/Block_Cap_Stones.fbx
  artifactKey: Guid(924eaa973399c1741bc7fecef6878a3b) Importer(815301076,1909f56bfc062723c751e8b465ee728b)
Number of updated assets reloaded before import = 0
Start importing Assets/LowPolyEnviroPack_LITE_builtIn/BlocksAndTrees/Meshes/Block_Cap_Stones.fbx using Guid(924eaa973399c1741bc7fecef6878a3b) Importer(815301076,1909f56bfc062723c751e8b465ee728b)  -> (artifact id: '88736c40c530524351376fee4955c572') in 0.025008 seconds 
Number of asset objects unloaded after import = 10
========================================================================
Received Import Request.
  Time since last request: 0.313437 seconds.
  path: Assets/LowPolyEnviroPack_LITE_builtIn/BlocksAndTrees/Meshes/Block_Cap_Sand.fbx
  artifactKey: Guid(6eb96eff5925f7944bb926cfe36ea778) Importer(815301076,1909f56bfc062723c751e8b465ee728b)
Number of updated assets reloaded before import = 0
Start importing Assets/LowPolyEnviroPack_LITE_builtIn/BlocksAndTrees/Meshes/Block_Cap_Sand.fbx using Guid(6eb96eff5925f7944bb926cfe36ea778) Importer(815301076,1909f56bfc062723c751e8b465ee728b)  -> (artifact id: '2a2300e647388eb19efaff5680eb2828') in 0.040363 seconds 
Number of asset objects unloaded after import = 10
========================================================================
Received Import Request.
  Time since last request: 0.029852 seconds.
  path: Assets/LowPolyEnviroPack_LITE_builtIn/BlocksAndTrees/Meshes/Block_Cap_Lava.fbx
  artifactKey: Guid(23108fd9e348be54ca52d4484f8a474a) Importer(815301076,1909f56bfc062723c751e8b465ee728b)
Number of updated assets reloaded before import = 0
Start importing Assets/LowPolyEnviroPack_LITE_builtIn/BlocksAndTrees/Meshes/Block_Cap_Lava.fbx using Guid(23108fd9e348be54ca52d4484f8a474a) Importer(815301076,1909f56bfc062723c751e8b465ee728b)  -> (artifact id: '0858f84645f614c24435eac5a6a91a13') in 0.016572 seconds 
Number of asset objects unloaded after import = 10
========================================================================
Received Import Request.
  Time since last request: 0.378014 seconds.
  path: Assets/LowPolyEnviroPack_LITE_builtIn/BlocksAndTrees/Meshes/Block_Cap_ConcreteMossEdge.fbx
  artifactKey: Guid(c71da18b976c1b94c819226d09494ac9) Importer(815301076,1909f56bfc062723c751e8b465ee728b)
Number of updated assets reloaded before import = 0
Start importing Assets/LowPolyEnviroPack_LITE_builtIn/BlocksAndTrees/Meshes/Block_Cap_ConcreteMossEdge.fbx using Guid(c71da18b976c1b94c819226d09494ac9) Importer(815301076,1909f56bfc062723c751e8b465ee728b)  -> (artifact id: 'ad1a1740fe0e8eba1fbae542fb57c803') in 0.013443 seconds 
Number of asset objects unloaded after import = 10
========================================================================
Received Import Request.
  Time since last request: 0.039671 seconds.
  path: Assets/LowPolyEnviroPack_LITE_builtIn/BlocksAndTrees/Meshes/Block_Cap_ConcreteMossCornerIn.fbx
  artifactKey: Guid(7206a5b7af160d8438f64dedeefbacb0) Importer(815301076,1909f56bfc062723c751e8b465ee728b)
Number of updated assets reloaded before import = 0
Start importing Assets/LowPolyEnviroPack_LITE_builtIn/BlocksAndTrees/Meshes/Block_Cap_ConcreteMossCornerIn.fbx using Guid(7206a5b7af160d8438f64dedeefbacb0) Importer(815301076,1909f56bfc062723c751e8b465ee728b)  -> (artifact id: 'a02de294c0638c5cfbf0e35a79dc8ecb') in 0.020521 seconds 
Number of asset objects unloaded after import = 10
========================================================================
Received Import Request.
  Time since last request: 0.001982 seconds.
  path: Assets/LowPolyEnviroPack_LITE_builtIn/BlocksAndTrees/Meshes/Block_Cap_Concrete_Plain.fbx
  artifactKey: Guid(a3529b12deba4a247abc27c310fa6beb) Importer(815301076,1909f56bfc062723c751e8b465ee728b)
Number of updated assets reloaded before import = 0
Start importing Assets/LowPolyEnviroPack_LITE_builtIn/BlocksAndTrees/Meshes/Block_Cap_Concrete_Plain.fbx using Guid(a3529b12deba4a247abc27c310fa6beb) Importer(815301076,1909f56bfc062723c751e8b465ee728b)  -> (artifact id: 'cf960b8dcfc341f37c392718b87953f9') in 0.013509 seconds 
Number of asset objects unloaded after import = 10
========================================================================
Received Import Request.
  Time since last request: 0.353327 seconds.
  path: Assets/LowPolyEnviroPack_LITE_builtIn/BlocksAndTrees/Meshes/Block_Cap_Clay.fbx
  artifactKey: Guid(26bada306b83c324dbe06de87e83e5e5) Importer(815301076,1909f56bfc062723c751e8b465ee728b)
Number of updated assets reloaded before import = 0
Start importing Assets/LowPolyEnviroPack_LITE_builtIn/BlocksAndTrees/Meshes/Block_Cap_Clay.fbx using Guid(26bada306b83c324dbe06de87e83e5e5) Importer(815301076,1909f56bfc062723c751e8b465ee728b)  -> (artifact id: '3062a50d83a08654aa6fcab658e706de') in 0.018513 seconds 
Number of asset objects unloaded after import = 10
========================================================================
Received Import Request.
  Time since last request: 0.040402 seconds.
  path: Assets/LowPolyEnviroPack_LITE_builtIn/BlocksAndTrees/Meshes/Block_Rounded_SnowBase.fbx
  artifactKey: Guid(352d61166fe86e64c8c239704389011f) Importer(815301076,1909f56bfc062723c751e8b465ee728b)
Number of updated assets reloaded before import = 0
Start importing Assets/LowPolyEnviroPack_LITE_builtIn/BlocksAndTrees/Meshes/Block_Rounded_SnowBase.fbx using Guid(352d61166fe86e64c8c239704389011f) Importer(815301076,1909f56bfc062723c751e8b465ee728b)  -> (artifact id: 'f0e19def37d5d4537d200405e3d28f01') in 0.017876 seconds 
Number of asset objects unloaded after import = 10
========================================================================
Received Import Request.
  Time since last request: 0.015027 seconds.
  path: Assets/LowPolyEnviroPack_LITE_builtIn/BlocksAndTrees/Meshes/Block_Rounded_Water.fbx
  artifactKey: Guid(ddf5b982b890d7b4dbcb32c7b2f10ca1) Importer(815301076,1909f56bfc062723c751e8b465ee728b)
Number of updated assets reloaded before import = 0
Start importing Assets/LowPolyEnviroPack_LITE_builtIn/BlocksAndTrees/Meshes/Block_Rounded_Water.fbx using Guid(ddf5b982b890d7b4dbcb32c7b2f10ca1) Importer(815301076,1909f56bfc062723c751e8b465ee728b)  -> (artifact id: '8e787ef20ef1cd3b5baf49f786ea58c6') in 0.015095 seconds 
Number of asset objects unloaded after import = 10
========================================================================
Received Import Request.
  Time since last request: 0.323666 seconds.
  path: Assets/LowPolyEnviroPack_LITE_builtIn/BlocksAndTrees/Meshes/RockMoss3.fbx
  artifactKey: Guid(ebeff7513dcf7d7499692ef3e32b6841) Importer(815301076,1909f56bfc062723c751e8b465ee728b)
Number of updated assets reloaded before import = 0
Start importing Assets/LowPolyEnviroPack_LITE_builtIn/BlocksAndTrees/Meshes/RockMoss3.fbx using Guid(ebeff7513dcf7d7499692ef3e32b6841) Importer(815301076,1909f56bfc062723c751e8b465ee728b)  -> (artifact id: '6abd0cd6c9e45751610c286a29f44b03') in 0.015658 seconds 
Number of asset objects unloaded after import = 10
========================================================================
Received Import Request.
  Time since last request: 0.000029 seconds.
  path: Assets/LowPolyEnviroPack_LITE_builtIn/BlocksAndTrees/Meshes/RockMoss1.fbx
  artifactKey: Guid(aed4c3981a84aad4d9f48335fef1a4af) Importer(815301076,1909f56bfc062723c751e8b465ee728b)
Number of updated assets reloaded before import = 0
Start importing Assets/LowPolyEnviroPack_LITE_builtIn/BlocksAndTrees/Meshes/RockMoss1.fbx using Guid(aed4c3981a84aad4d9f48335fef1a4af) Importer(815301076,1909f56bfc062723c751e8b465ee728b)  -> (artifact id: 'be3dd85a1a88075881777166eb3e1a05') in 0.015691 seconds 
Number of asset objects unloaded after import = 10
========================================================================
Received Import Request.
  Time since last request: 0.025062 seconds.
  path: Assets/LowPolyEnviroPack_LITE_builtIn/BlocksAndTrees/Meshes/RockCanyon3.fbx
  artifactKey: Guid(df9266504f76a614092372df5c6820ff) Importer(815301076,1909f56bfc062723c751e8b465ee728b)
Number of updated assets reloaded before import = 0
Start importing Assets/LowPolyEnviroPack_LITE_builtIn/BlocksAndTrees/Meshes/RockCanyon3.fbx using Guid(df9266504f76a614092372df5c6820ff) Importer(815301076,1909f56bfc062723c751e8b465ee728b)  -> (artifact id: '43c2a7a400fdd07021443ad9fd53560d') in 0.030087 seconds 
Number of asset objects unloaded after import = 10
========================================================================
Received Import Request.
  Time since last request: 0.005155 seconds.
  path: Assets/LowPolyEnviroPack_LITE_builtIn/BlocksAndTrees/Meshes/RockCanyon1.fbx
  artifactKey: Guid(8c3ae473ecef3764cae9367967d36851) Importer(815301076,1909f56bfc062723c751e8b465ee728b)
Number of updated assets reloaded before import = 0
Start importing Assets/LowPolyEnviroPack_LITE_builtIn/BlocksAndTrees/Meshes/RockCanyon1.fbx using Guid(8c3ae473ecef3764cae9367967d36851) Importer(815301076,1909f56bfc062723c751e8b465ee728b)  -> (artifact id: '96e71886fc70baee9989511432d7d6a3') in 0.017450 seconds 
Number of asset objects unloaded after import = 10
========================================================================
Received Import Request.
  Time since last request: 0.265827 seconds.
  path: Assets/LowPolyEnviroPack_LITE_builtIn/BlocksAndTrees/Meshes/PineTree_F.fbx
  artifactKey: Guid(e731da1c147989e469eb73754619d8ba) Importer(815301076,1909f56bfc062723c751e8b465ee728b)
Number of updated assets reloaded before import = 0
Start importing Assets/LowPolyEnviroPack_LITE_builtIn/BlocksAndTrees/Meshes/PineTree_F.fbx using Guid(e731da1c147989e469eb73754619d8ba) Importer(815301076,1909f56bfc062723c751e8b465ee728b)  -> (artifact id: '5fa9fc373fadbb0b53fd9c80d74afd35') in 0.017159 seconds 
Number of asset objects unloaded after import = 10
========================================================================
Received Import Request.
  Time since last request: 0.004085 seconds.
  path: Assets/LowPolyEnviroPack_LITE_builtIn/BlocksAndTrees/Meshes/PineTree_B.fbx
  artifactKey: Guid(b01458b9383df144b857ba20572817ed) Importer(815301076,1909f56bfc062723c751e8b465ee728b)
Number of updated assets reloaded before import = 0
Start importing Assets/LowPolyEnviroPack_LITE_builtIn/BlocksAndTrees/Meshes/PineTree_B.fbx using Guid(b01458b9383df144b857ba20572817ed) Importer(815301076,1909f56bfc062723c751e8b465ee728b)  -> (artifact id: 'fe11e082b552b4216a0f39583e819d1c') in 0.026926 seconds 
Number of asset objects unloaded after import = 10
========================================================================
Received Import Request.
  Time since last request: 0.282154 seconds.
  path: Assets/LowPolyEnviroPack_LITE_builtIn/BlocksAndTrees/Meshes/OakTree.fbx
  artifactKey: Guid(14fbdd0c20eae8647b93ad35f802da40) Importer(815301076,1909f56bfc062723c751e8b465ee728b)
Number of updated assets reloaded before import = 0
Start importing Assets/LowPolyEnviroPack_LITE_builtIn/BlocksAndTrees/Meshes/OakTree.fbx using Guid(14fbdd0c20eae8647b93ad35f802da40) Importer(815301076,1909f56bfc062723c751e8b465ee728b)  -> (artifact id: 'aeb8355cdda0a43837d9f5bda8bce2a9') in 0.019349 seconds 
Number of asset objects unloaded after import = 10
========================================================================
Received Import Request.
  Time since last request: 0.050003 seconds.
  path: Assets/LowPolyEnviroPack_LITE_builtIn/BlocksAndTrees/Meshes/Mushroom3.fbx
  artifactKey: Guid(b9257a6715ffeae41bfdb752861b989f) Importer(815301076,1909f56bfc062723c751e8b465ee728b)
Number of updated assets reloaded before import = 0
Start importing Assets/LowPolyEnviroPack_LITE_builtIn/BlocksAndTrees/Meshes/Mushroom3.fbx using Guid(b9257a6715ffeae41bfdb752861b989f) Importer(815301076,1909f56bfc062723c751e8b465ee728b)  -> (artifact id: 'c20d74f9f05b13fa55c59555f9e32c2a') in 0.016111 seconds 
Number of asset objects unloaded after import = 10
========================================================================
Received Import Request.
  Time since last request: 0.018349 seconds.
  path: Assets/LowPolyEnviroPack_LITE_builtIn/BlocksAndTrees/Meshes/PineTree_C.fbx
  artifactKey: Guid(24953c3f37dbbb240a5cf112642741e9) Importer(815301076,1909f56bfc062723c751e8b465ee728b)
Number of updated assets reloaded before import = 0
Start importing Assets/LowPolyEnviroPack_LITE_builtIn/BlocksAndTrees/Meshes/PineTree_C.fbx using Guid(24953c3f37dbbb240a5cf112642741e9) Importer(815301076,1909f56bfc062723c751e8b465ee728b)  -> (artifact id: '6d5f9f8873acd6f6f824a7cfeb8592e3') in 0.025292 seconds 
Number of asset objects unloaded after import = 10
========================================================================
Received Prepare
Registering precompiled user dll's ...
Registered in 0.004091 seconds.
Begin MonoManager ReloadAssembly
Native extension for WindowsStandalone target not found
Native extension for iOS target not found
Native extension for Android target not found
Refreshing native plugins compatible for Editor in 1.19 ms, found 3 plugins.
Preloading 0 native plugins for Editor in 0.00 ms.
[Package Manager] Server::EnsureServerProcessIsRunning -- launch failed, reason: Unity was launched with the -noUpm command-line argument
[Package Manager] Cannot connect to Unity Package Manager local server
Mono: successfully reloaded assembly
- Completed reload, in  1.766 seconds
Domain Reload Profiling:
	ReloadAssembly (1767ms)
		BeginReloadAssembly (188ms)
			ExecutionOrderSort (0ms)
			DisableScriptedObjects (6ms)
			BackupInstance (0ms)
			ReleaseScriptingObjects (0ms)
			CreateAndSetChildDomain (48ms)
		EndReloadAssembly (1451ms)
			LoadAssemblies (135ms)
			RebuildTransferFunctionScriptingTraits (0ms)
			SetupTypeCache (323ms)
			ReleaseScriptCaches (1ms)
			RebuildScriptCaches (56ms)
			SetupLoadedEditorAssemblies (911ms)
				LogAssemblyErrors (0ms)
				InitializePlatformSupportModulesInManaged (43ms)
				SetLoadedEditorAssemblies (1ms)
				RefreshPlugins (1ms)
				BeforeProcessingInitializeOnLoad (81ms)
				ProcessInitializeOnLoadAttributes (749ms)
				ProcessInitializeOnLoadMethodAttributes (29ms)
				AfterProcessingInitializeOnLoad (6ms)
				EditorAssembliesLoaded (0ms)
			ExecutionOrderSort2 (0ms)
			AwakeInstancesAfterBackupRestoration (7ms)
Platform modules already initialized, skipping
Refreshing native plugins compatible for Editor in 1.15 ms, found 3 plugins.
Preloading 0 native plugins for Editor in 0.00 ms.
Unloading 3112 Unused Serialized files (Serialized files now loaded: 0)
Unloading 31 unused Assets / (0.7 MB). Loaded Objects now: 3637.
Memory consumption went from 117.4 MB to 116.7 MB.
Total: 3.835700 ms (FindLiveObjects: 0.320000 ms CreateObjectMapping: 0.088900 ms MarkObjects: 3.053700 ms  DeleteObjects: 0.371300 ms)

AssetImportParameters requested are different than current active one (requested -> active):
  custom:video-decoder-ogg-theora: a1e56fd34408186e4bbccfd4996cb3dc -> 
  custom:container-muxer-webm: aa71ff27fc2769a1b78a27578f13a17b -> 
  custom:container-demuxer-webm: 4f35f7cbe854078d1ac9338744f61a02 -> 
  custom:video-encoder-webm-vp8: eb34c28f22e8b96e1ab97ce403110664 -> 
  custom:CustomObjectIndexerAttribute: bc11b3a6c3213fcdd17b65e7da85e133 -> 
  custom:audio-encoder-webm-vorbis: bf7c407c2cedff20999df2af8eb42d56 -> 
  custom:framework-win-MediaFoundation: 216162199b28c13a410421893ffa2e32 -> 
  custom:SearchIndexIgnoredProperties: e643bd26f0fe6173181afceb89e7c659 -> 
  custom:container-demuxer-ogg: 62fdf1f143b41e24485cea50d1cbac27 -> 
  custom:video-decoder-webm-vp8: 9c59270c3fd7afecdb556c50c9e8de78 -> 
  custom:audio-decoder-ogg-vorbis: bf7c407c2cedff20999df2af8eb42d56 -> 
========================================================================
Received Prepare
Registering precompiled user dll's ...
Registered in 0.002535 seconds.
Begin MonoManager ReloadAssembly
Native extension for WindowsStandalone target not found
Native extension for iOS target not found
Native extension for Android target not found
Refreshing native plugins compatible for Editor in 0.68 ms, found 3 plugins.
Preloading 0 native plugins for Editor in 0.00 ms.
[Package Manager] Server::EnsureServerProcessIsRunning -- launch failed, reason: Unity was launched with the -noUpm command-line argument
[Package Manager] Cannot connect to Unity Package Manager local server
Mono: successfully reloaded assembly
- Completed reload, in  1.753 seconds
Domain Reload Profiling:
	ReloadAssembly (1754ms)
		BeginReloadAssembly (187ms)
			ExecutionOrderSort (0ms)
			DisableScriptedObjects (7ms)
			BackupInstance (0ms)
			ReleaseScriptingObjects (0ms)
			CreateAndSetChildDomain (47ms)
		EndReloadAssembly (1444ms)
			LoadAssemblies (131ms)
			RebuildTransferFunctionScriptingTraits (0ms)
			SetupTypeCache (352ms)
			ReleaseScriptCaches (2ms)
			RebuildScriptCaches (56ms)
			SetupLoadedEditorAssemblies (879ms)
				LogAssemblyErrors (0ms)
				InitializePlatformSupportModulesInManaged (41ms)
				SetLoadedEditorAssemblies (0ms)
				RefreshPlugins (1ms)
				BeforeProcessingInitializeOnLoad (74ms)
				ProcessInitializeOnLoadAttributes (728ms)
				ProcessInitializeOnLoadMethodAttributes (27ms)
				AfterProcessingInitializeOnLoad (7ms)
				EditorAssembliesLoaded (0ms)
			ExecutionOrderSort2 (0ms)
			AwakeInstancesAfterBackupRestoration (9ms)
Platform modules already initialized, skipping
Refreshing native plugins compatible for Editor in 1.25 ms, found 3 plugins.
Preloading 0 native plugins for Editor in 0.00 ms.
Unloading 3112 Unused Serialized files (Serialized files now loaded: 0)
Unloading 31 unused Assets / (0.7 MB). Loaded Objects now: 3640.
Memory consumption went from 117.4 MB to 116.7 MB.
Total: 3.552900 ms (FindLiveObjects: 0.377200 ms CreateObjectMapping: 0.125600 ms MarkObjects: 2.523000 ms  DeleteObjects: 0.525900 ms)

AssetImportParameters requested are different than current active one (requested -> active):
  custom:video-decoder-ogg-theora: a1e56fd34408186e4bbccfd4996cb3dc -> 
  custom:container-muxer-webm: aa71ff27fc2769a1b78a27578f13a17b -> 
  custom:container-demuxer-webm: 4f35f7cbe854078d1ac9338744f61a02 -> 
  custom:video-encoder-webm-vp8: eb34c28f22e8b96e1ab97ce403110664 -> 
  custom:CustomObjectIndexerAttribute: bc11b3a6c3213fcdd17b65e7da85e133 -> 
  custom:audio-encoder-webm-vorbis: bf7c407c2cedff20999df2af8eb42d56 -> 
  custom:framework-win-MediaFoundation: 216162199b28c13a410421893ffa2e32 -> 
  custom:SearchIndexIgnoredProperties: e643bd26f0fe6173181afceb89e7c659 -> 
  custom:container-demuxer-ogg: 62fdf1f143b41e24485cea50d1cbac27 -> 
  custom:video-decoder-webm-vp8: 9c59270c3fd7afecdb556c50c9e8de78 -> 
  custom:audio-decoder-ogg-vorbis: bf7c407c2cedff20999df2af8eb42d56 -> 
========================================================================
Received Prepare
Registering precompiled user dll's ...
Registered in 0.002783 seconds.
Begin MonoManager ReloadAssembly
Native extension for WindowsStandalone target not found
Native extension for iOS target not found
Native extension for Android target not found
Refreshing native plugins compatible for Editor in 0.80 ms, found 3 plugins.
Preloading 0 native plugins for Editor in 0.00 ms.
[Package Manager] Server::EnsureServerProcessIsRunning -- launch failed, reason: Unity was launched with the -noUpm command-line argument
[Package Manager] Cannot connect to Unity Package Manager local server
Mono: successfully reloaded assembly
- Completed reload, in  1.599 seconds
Domain Reload Profiling:
	ReloadAssembly (1600ms)
		BeginReloadAssembly (175ms)
			ExecutionOrderSort (0ms)
			DisableScriptedObjects (8ms)
			BackupInstance (0ms)
			ReleaseScriptingObjects (0ms)
			CreateAndSetChildDomain (36ms)
		EndReloadAssembly (1314ms)
			LoadAssemblies (117ms)
			RebuildTransferFunctionScriptingTraits (0ms)
			SetupTypeCache (299ms)
			ReleaseScriptCaches (1ms)
			RebuildScriptCaches (51ms)
			SetupLoadedEditorAssemblies (829ms)
				LogAssemblyErrors (0ms)
				InitializePlatformSupportModulesInManaged (39ms)
				SetLoadedEditorAssemblies (0ms)
				RefreshPlugins (1ms)
				BeforeProcessingInitializeOnLoad (70ms)
				ProcessInitializeOnLoadAttributes (687ms)
				ProcessInitializeOnLoadMethodAttributes (25ms)
				AfterProcessingInitializeOnLoad (6ms)
				EditorAssembliesLoaded (0ms)
			ExecutionOrderSort2 (0ms)
			AwakeInstancesAfterBackupRestoration (6ms)
Platform modules already initialized, skipping
Refreshing native plugins compatible for Editor in 0.75 ms, found 3 plugins.
Preloading 0 native plugins for Editor in 0.00 ms.
Unloading 3112 Unused Serialized files (Serialized files now loaded: 0)
Unloading 31 unused Assets / (0.7 MB). Loaded Objects now: 3643.
Memory consumption went from 117.4 MB to 116.8 MB.
Total: 3.811000 ms (FindLiveObjects: 0.449500 ms CreateObjectMapping: 0.116200 ms MarkObjects: 2.861600 ms  DeleteObjects: 0.381900 ms)

AssetImportParameters requested are different than current active one (requested -> active):
  custom:video-decoder-ogg-theora: a1e56fd34408186e4bbccfd4996cb3dc -> 
  custom:container-muxer-webm: aa71ff27fc2769a1b78a27578f13a17b -> 
  custom:container-demuxer-webm: 4f35f7cbe854078d1ac9338744f61a02 -> 
  custom:video-encoder-webm-vp8: eb34c28f22e8b96e1ab97ce403110664 -> 
  custom:CustomObjectIndexerAttribute: bc11b3a6c3213fcdd17b65e7da85e133 -> 
  custom:audio-encoder-webm-vorbis: bf7c407c2cedff20999df2af8eb42d56 -> 
  custom:framework-win-MediaFoundation: 216162199b28c13a410421893ffa2e32 -> 
  custom:SearchIndexIgnoredProperties: e643bd26f0fe6173181afceb89e7c659 -> 
  custom:container-demuxer-ogg: 62fdf1f143b41e24485cea50d1cbac27 -> 
  custom:video-decoder-webm-vp8: 9c59270c3fd7afecdb556c50c9e8de78 -> 
  custom:audio-decoder-ogg-vorbis: bf7c407c2cedff20999df2af8eb42d56 -> 
========================================================================
Received Import Request.
  Time since last request: 148.256384 seconds.
  path: Assets/TextMesh Pro/Examples & Extras/Resources/Fonts & Materials/Anton SDF - Outline.mat
  artifactKey: Guid(a00013af81304728b2be1f4309ee2433) Importer(815301076,1909f56bfc062723c751e8b465ee728b)
Number of updated assets reloaded before import = 0
Start importing Assets/TextMesh Pro/Examples & Extras/Resources/Fonts & Materials/Anton SDF - Outline.mat using Guid(a00013af81304728b2be1f4309ee2433) Importer(815301076,1909f56bfc062723c751e8b465ee728b)  -> (artifact id: 'c9ab8f1ddb1c306b2a4450c90f3efa1c') in 0.170528 seconds 
Number of asset objects unloaded after import = 3
========================================================================
Received Import Request.
  Time since last request: 0.000025 seconds.
  path: Assets/TextMesh Pro/Resources/Fonts & Materials/LiberationSans SDF - Outline.mat
  artifactKey: Guid(79459efec17a4d00a321bdcc27bbc385) Importer(815301076,1909f56bfc062723c751e8b465ee728b)
Number of updated assets reloaded before import = 0
Start importing Assets/TextMesh Pro/Resources/Fonts & Materials/LiberationSans SDF - Outline.mat using Guid(79459efec17a4d00a321bdcc27bbc385) Importer(815301076,1909f56bfc062723c751e8b465ee728b)  -> (artifact id: '11edc099363887faba35301060ba9fb4') in 0.026556 seconds 
Number of asset objects unloaded after import = 3
========================================================================
Received Import Request.
  Time since last request: 0.000036 seconds.
  path: Assets/BasAssetStore/LowPolyVillage/Meshes/Bank/Bank_01.fbx
  artifactKey: Guid(c3c1fe45282b20e48a7d4f6032f3c124) Importer(815301076,1909f56bfc062723c751e8b465ee728b)
Number of updated assets reloaded before import = 0
Start importing Assets/BasAssetStore/LowPolyVillage/Meshes/Bank/Bank_01.fbx using Guid(c3c1fe45282b20e48a7d4f6032f3c124) Importer(815301076,1909f56bfc062723c751e8b465ee728b)  -> (artifact id: '13b58d9dda4f40a64e1079e99d347111') in 0.210800 seconds 
Number of asset objects unloaded after import = 9
========================================================================
Received Import Request.
  Time since last request: 0.000027 seconds.
  path: Assets/BasAssetStore/LowPolyVillage/Meshes/Stand/Stand_Purple.fbx
  artifactKey: Guid(2c850ea59919e324780ad0b96dfc25de) Importer(815301076,1909f56bfc062723c751e8b465ee728b)
Number of updated assets reloaded before import = 0
Start importing Assets/BasAssetStore/LowPolyVillage/Meshes/Stand/Stand_Purple.fbx using Guid(2c850ea59919e324780ad0b96dfc25de) Importer(815301076,1909f56bfc062723c751e8b465ee728b)  -> (artifact id: '4b1ad3b33abfeae389cecf14169509e9') in 0.035652 seconds 
Number of asset objects unloaded after import = 9
========================================================================
Received Import Request.
  Time since last request: 0.000026 seconds.
  path: Assets/MyAssets/Tractor.fbx
  artifactKey: Guid(42001061effbf4849876bd99a3120bf1) Importer(815301076,1909f56bfc062723c751e8b465ee728b)
Number of updated assets reloaded before import = 0
Start importing Assets/MyAssets/Tractor.fbx using Guid(42001061effbf4849876bd99a3120bf1) Importer(815301076,1909f56bfc062723c751e8b465ee728b)  -> (artifact id: '3ba5aa238d52b4a6e59f3b1cc8eb664c') in 0.041736 seconds 
Number of asset objects unloaded after import = 9
========================================================================
Received Import Request.
  Time since last request: 0.000028 seconds.
  path: Assets/MyAssets/Fence.fbx
  artifactKey: Guid(cf2d96b832481514bb19581443c2c42a) Importer(815301076,1909f56bfc062723c751e8b465ee728b)
Number of updated assets reloaded before import = 0
Start importing Assets/MyAssets/Fence.fbx using Guid(cf2d96b832481514bb19581443c2c42a) Importer(815301076,1909f56bfc062723c751e8b465ee728b)  -> (artifact id: 'eecd57692513d123afb14a45ebc5de25') in 0.050303 seconds 
Number of asset objects unloaded after import = 9
========================================================================
Received Import Request.
  Time since last request: 0.000047 seconds.
  path: Assets/TextMesh Pro/Resources/Fonts & Materials/LiberationSans SDF - Fallback.asset
  artifactKey: Guid(2e498d1c8094910479dc3e1b768306a4) Importer(815301076,1909f56bfc062723c751e8b465ee728b)
Number of updated assets reloaded before import = 0
Start importing Assets/TextMesh Pro/Resources/Fonts & Materials/LiberationSans SDF - Fallback.asset using Guid(2e498d1c8094910479dc3e1b768306a4) Importer(815301076,1909f56bfc062723c751e8b465ee728b)  -> (artifact id: '962fddba837cc14103d6a8d4e7f570dc') in 0.113789 seconds 
Number of asset objects unloaded after import = 7
========================================================================
Received Import Request.
  Time since last request: 0.000036 seconds.
  path: Assets/TextMesh Pro/Examples & Extras/Resources/Fonts & Materials/Bangers SDF Glow.mat
  artifactKey: Guid(d75b8f41e959450c84ac6e967084d3e1) Importer(815301076,1909f56bfc062723c751e8b465ee728b)
Number of updated assets reloaded before import = 0
Start importing Assets/TextMesh Pro/Examples & Extras/Resources/Fonts & Materials/Bangers SDF Glow.mat using Guid(d75b8f41e959450c84ac6e967084d3e1) Importer(815301076,1909f56bfc062723c751e8b465ee728b)  -> (artifact id: 'f5f59c68adf67d53c103c21305d5a703') in 0.105774 seconds 
Number of asset objects unloaded after import = 5
========================================================================
Received Import Request.
  Time since last request: 0.000045 seconds.
  path: Assets/LowPolyEnviroPack_LITE_builtIn/BeachArea_Set1/Materials/Atlas1_Material.mat
  artifactKey: Guid(e7476007b3e902f4fbacf11098082904) Importer(815301076,1909f56bfc062723c751e8b465ee728b)
Number of updated assets reloaded before import = 0
Start importing Assets/LowPolyEnviroPack_LITE_builtIn/BeachArea_Set1/Materials/Atlas1_Material.mat using Guid(e7476007b3e902f4fbacf11098082904) Importer(815301076,1909f56bfc062723c751e8b465ee728b)  -> (artifact id: '560a52a428cd03f0cf2066b1dc27f2d3') in 0.310752 seconds 
Number of asset objects unloaded after import = 3
========================================================================
Received Import Request.
  Time since last request: 0.000030 seconds.
  path: Assets/LowPolyEnviroPack_LITE_builtIn/BeachArea_Set1/Materials/LowPolyWater.mat
  artifactKey: Guid(895a988b69d5f5545be73141bafd93ff) Importer(815301076,1909f56bfc062723c751e8b465ee728b)
Number of updated assets reloaded before import = 0
Start importing Assets/LowPolyEnviroPack_LITE_builtIn/BeachArea_Set1/Materials/LowPolyWater.mat using Guid(895a988b69d5f5545be73141bafd93ff) Importer(815301076,1909f56bfc062723c751e8b465ee728b)  -> (artifact id: 'b90f095ef7bb005ddcaab6a3fc595cc8') in 0.012930 seconds 
Number of asset objects unloaded after import = 2
========================================================================
Received Import Request.
  Time since last request: 0.000026 seconds.
  path: Assets/TextMesh Pro/Examples & Extras/Resources/Fonts & Materials/Roboto-Bold SDF - Surface.mat
  artifactKey: Guid(e6b276ec991f467aa14ef1f3cc665993) Importer(815301076,1909f56bfc062723c751e8b465ee728b)
Number of updated assets reloaded before import = 0
Start importing Assets/TextMesh Pro/Examples & Extras/Resources/Fonts & Materials/Roboto-Bold SDF - Surface.mat using Guid(e6b276ec991f467aa14ef1f3cc665993) Importer(815301076,1909f56bfc062723c751e8b465ee728b)  -> (artifact id: '9da3487dde9cc2899f3feeedea71ec60') in 0.142706 seconds 
Number of asset objects unloaded after import = 3
========================================================================
Received Import Request.
  Time since last request: 0.000025 seconds.
  path: Assets/BasAssetStore/LowPolyVillage/Meshes/Billet/Billet_03.fbx
  artifactKey: Guid(1d72edbac55a6c749988edb567739bc9) Importer(815301076,1909f56bfc062723c751e8b465ee728b)
Number of updated assets reloaded before import = 0
Start importing Assets/BasAssetStore/LowPolyVillage/Meshes/Billet/Billet_03.fbx using Guid(1d72edbac55a6c749988edb567739bc9) Importer(815301076,1909f56bfc062723c751e8b465ee728b)  -> (artifact id: '10dc06724c9b71260d22caf09feffbf3') in 0.039491 seconds 
Number of asset objects unloaded after import = 9
========================================================================
Received Import Request.
  Time since last request: 0.000024 seconds.
  path: Assets/BasAssetStore/LowPolyVillage/Meshes/Barn/Barn_02.fbx
  artifactKey: Guid(6cc3f0acf7e31ae44a9210b3695cc2a1) Importer(815301076,1909f56bfc062723c751e8b465ee728b)
Number of updated assets reloaded before import = 0
Start importing Assets/BasAssetStore/LowPolyVillage/Meshes/Barn/Barn_02.fbx using Guid(6cc3f0acf7e31ae44a9210b3695cc2a1) Importer(815301076,1909f56bfc062723c751e8b465ee728b)  -> (artifact id: '87d3800c26431286d0ca7d1e7eebac7b') in 0.039746 seconds 
Number of asset objects unloaded after import = 9
========================================================================
Received Import Request.
  Time since last request: 0.000042 seconds.
  path: Assets/TextMesh Pro/Examples & Extras/Resources/Fonts & Materials/Bangers SDF - Outline.mat
  artifactKey: Guid(f629c6e43dba4bf38cb74d8860150664) Importer(815301076,1909f56bfc062723c751e8b465ee728b)
Number of updated assets reloaded before import = 0
Start importing Assets/TextMesh Pro/Examples & Extras/Resources/Fonts & Materials/Bangers SDF - Outline.mat using Guid(f629c6e43dba4bf38cb74d8860150664) Importer(815301076,1909f56bfc062723c751e8b465ee728b)  -> (artifact id: '254c69c3ac03215aecab251e34395274') in 0.008636 seconds 
Number of asset objects unloaded after import = 3
========================================================================
Received Import Request.
  Time since last request: 0.000040 seconds.
  path: Assets/BasAssetStore/LowPolyVillage/Meshes/Stand/Stand_Orange.fbx
  artifactKey: Guid(e255923f17d61064c94ebe5e2b2cb8df) Importer(815301076,1909f56bfc062723c751e8b465ee728b)
Number of updated assets reloaded before import = 0
Start importing Assets/BasAssetStore/LowPolyVillage/Meshes/Stand/Stand_Orange.fbx using Guid(e255923f17d61064c94ebe5e2b2cb8df) Importer(815301076,1909f56bfc062723c751e8b465ee728b)  -> (artifact id: 'ed8e91fbf8a139642715bae61c524ca4') in 0.041961 seconds 
Number of asset objects unloaded after import = 9
========================================================================
Received Import Request.
  Time since last request: 0.000021 seconds.
  path: Assets/Turntable_platforms/GodRays/Materials/Flare1.mat
  artifactKey: Guid(510692e4c9bebfa4895abccd0bc2f2e2) Importer(815301076,1909f56bfc062723c751e8b465ee728b)
Number of updated assets reloaded before import = 0
Start importing Assets/Turntable_platforms/GodRays/Materials/Flare1.mat using Guid(510692e4c9bebfa4895abccd0bc2f2e2) Importer(815301076,1909f56bfc062723c751e8b465ee728b)  -> (artifact id: 'd8b87ba1b4af72b12164ee0c89cb24d8') in 0.035050 seconds 
Number of asset objects unloaded after import = 2
========================================================================
Received Import Request.
  Time since last request: 0.000019 seconds.
  path: Assets/Turntable_platforms/Materials/platform1.mat
  artifactKey: Guid(4d4e3a1ba388d2a49a8e816b2500a8c7) Importer(815301076,1909f56bfc062723c751e8b465ee728b)
Number of updated assets reloaded before import = 0
Start importing Assets/Turntable_platforms/Materials/platform1.mat using Guid(4d4e3a1ba388d2a49a8e816b2500a8c7) Importer(815301076,1909f56bfc062723c751e8b465ee728b)  -> (artifact id: '34ebdbcba5c8043b66f7768adc71b905') in 0.124990 seconds 
Number of asset objects unloaded after import = 2
========================================================================
Received Import Request.
  Time since last request: 0.000024 seconds.
  path: Assets/TextMesh Pro/Examples & Extras/Fonts/Electronic Highway Sign.TTF
  artifactKey: Guid(8a2b9e2a607dd2143b58c44bc32410b4) Importer(815301076,1909f56bfc062723c751e8b465ee728b)
Number of updated assets reloaded before import = 0
Start importing Assets/TextMesh Pro/Examples & Extras/Fonts/Electronic Highway Sign.TTF using Guid(8a2b9e2a607dd2143b58c44bc32410b4) Importer(815301076,1909f56bfc062723c751e8b465ee728b)  -> (artifact id: 'd23f0a0c82dd1f586c76ec499d2552f6') in 0.019388 seconds 
Number of asset objects unloaded after import = 4
========================================================================
Received Import Request.
  Time since last request: 0.000039 seconds.
  path: Assets/Turntable_platforms/Materials/platform3.mat
  artifactKey: Guid(25d446fe73d24694ea3b59f41b8b34e4) Importer(815301076,1909f56bfc062723c751e8b465ee728b)
Number of updated assets reloaded before import = 0
Start importing Assets/Turntable_platforms/Materials/platform3.mat using Guid(25d446fe73d24694ea3b59f41b8b34e4) Importer(815301076,1909f56bfc062723c751e8b465ee728b)  -> (artifact id: '2c1046379bfbd622159f1c5716ddc999') in 0.015656 seconds 
Number of asset objects unloaded after import = 2
========================================================================
Received Import Request.
  Time since last request: 0.000095 seconds.
  path: Assets/TextMesh Pro/Examples & Extras/Materials/Ground - Surface Shader Scene.mat
  artifactKey: Guid(aadd5a709a48466c887296bb5b1b8110) Importer(815301076,1909f56bfc062723c751e8b465ee728b)
Number of updated assets reloaded before import = 0
Start importing Assets/TextMesh Pro/Examples & Extras/Materials/Ground - Surface Shader Scene.mat using Guid(aadd5a709a48466c887296bb5b1b8110) Importer(815301076,1909f56bfc062723c751e8b465ee728b)  -> (artifact id: '9f480d2ce457346a5752ebfa6aa334c5') in 0.014132 seconds 
Number of asset objects unloaded after import = 2
========================================================================
Received Import Request.
  Time since last request: 0.000060 seconds.
  path: Assets/TextMesh Pro/Examples & Extras/Materials/Crate - Surface Shader Scene.mat
  artifactKey: Guid(e6b9b44320f4448d9d5e0ee634259966) Importer(815301076,1909f56bfc062723c751e8b465ee728b)
Number of updated assets reloaded before import = 0
Start importing Assets/TextMesh Pro/Examples & Extras/Materials/Crate - Surface Shader Scene.mat using Guid(e6b9b44320f4448d9d5e0ee634259966) Importer(815301076,1909f56bfc062723c751e8b465ee728b)  -> (artifact id: '5a2f8cc56734940c0563ab67f1f76aa0') in 0.210224 seconds 
Number of asset objects unloaded after import = 3
========================================================================
Received Import Request.
  Time since last request: 0.000024 seconds.
  path: Assets/LowPolyEnviroPack_LITE_builtIn/BlocksAndTrees/Materials/BlocksAndTrees/BlocksAndTrees_AtlasMaterial.mat
  artifactKey: Guid(5f77918f5330a1841a243f62ed0bc243) Importer(815301076,1909f56bfc062723c751e8b465ee728b)
Number of updated assets reloaded before import = 0
Start importing Assets/LowPolyEnviroPack_LITE_builtIn/BlocksAndTrees/Materials/BlocksAndTrees/BlocksAndTrees_AtlasMaterial.mat using Guid(5f77918f5330a1841a243f62ed0bc243) Importer(815301076,1909f56bfc062723c751e8b465ee728b)  -> (artifact id: '17366d71fdc3a23f83de858373dfe4e3') in 0.029576 seconds 
Number of asset objects unloaded after import = 2
========================================================================
Received Import Request.
  Time since last request: 0.000043 seconds.
  path: Assets/TextMesh Pro/Examples & Extras/Materials/Ground - Logo Scene.mat
  artifactKey: Guid(c719e38f25a9480abd2480ab621a2949) Importer(815301076,1909f56bfc062723c751e8b465ee728b)
Number of updated assets reloaded before import = 0
Start importing Assets/TextMesh Pro/Examples & Extras/Materials/Ground - Logo Scene.mat using Guid(c719e38f25a9480abd2480ab621a2949) Importer(815301076,1909f56bfc062723c751e8b465ee728b)  -> (artifact id: '28e63d9964fa0ce21dca3b344c87d6ce') in 0.009147 seconds 
Number of asset objects unloaded after import = 2
========================================================================
Received Import Request.
  Time since last request: 0.000016 seconds.
  path: Assets/TextMesh Pro/Examples & Extras/Resources/Fonts & Materials/Oswald Bold SDF.asset
  artifactKey: Guid(0161d805a3764c089bef00bfe00793f5) Importer(815301076,1909f56bfc062723c751e8b465ee728b)
Number of updated assets reloaded before import = 0
Start importing Assets/TextMesh Pro/Examples & Extras/Resources/Fonts & Materials/Oswald Bold SDF.asset using Guid(0161d805a3764c089bef00bfe00793f5) Importer(815301076,1909f56bfc062723c751e8b465ee728b)  -> (artifact id: 'db5c085504fe1938278e0f0120715d86') in 0.070008 seconds 
Number of asset objects unloaded after import = 8
========================================================================
Received Import Request.
  Time since last request: 0.000017 seconds.
  path: Assets/Turntable_platforms/GodRays/Materials/Shine3.mat
  artifactKey: Guid(b53e29b8cee22e046ba7d1566f08db93) Importer(815301076,1909f56bfc062723c751e8b465ee728b)
Number of updated assets reloaded before import = 0
Start importing Assets/Turntable_platforms/GodRays/Materials/Shine3.mat using Guid(b53e29b8cee22e046ba7d1566f08db93) Importer(815301076,1909f56bfc062723c751e8b465ee728b)  -> (artifact id: '5e56a71e1eee75294862745695730a07') in 0.007433 seconds 
Number of asset objects unloaded after import = 2
========================================================================
Received Import Request.
  Time since last request: 0.000029 seconds.
  path: Assets/TextMesh Pro/Examples & Extras/Resources/Fonts & Materials/LiberationSans SDF - Metalic Green.mat
  artifactKey: Guid(8b29aaa3eec7468097ff07adfcf29ac9) Importer(815301076,1909f56bfc062723c751e8b465ee728b)
Number of updated assets reloaded before import = 0
Start importing Assets/TextMesh Pro/Examples & Extras/Resources/Fonts & Materials/LiberationSans SDF - Metalic Green.mat using Guid(8b29aaa3eec7468097ff07adfcf29ac9) Importer(815301076,1909f56bfc062723c751e8b465ee728b)  -> (artifact id: '1c0ebad54c4d04c73e0fc792ecd9d8f6') in 0.160722 seconds 
Number of asset objects unloaded after import = 6
========================================================================
Received Import Request.
  Time since last request: 0.000031 seconds.
  path: Assets/BasAssetStore/LowPolyVillage/Meshes/Field/Corn_Field.fbx
  artifactKey: Guid(caa08a5e9f8b03341826d967752568f1) Importer(815301076,1909f56bfc062723c751e8b465ee728b)
Number of updated assets reloaded before import = 0
Start importing Assets/BasAssetStore/LowPolyVillage/Meshes/Field/Corn_Field.fbx using Guid(caa08a5e9f8b03341826d967752568f1) Importer(815301076,1909f56bfc062723c751e8b465ee728b)  -> (artifact id: '60075f8e5f68a6233910f07b64a0ae4d') in 0.045024 seconds 
Number of asset objects unloaded after import = 9
========================================================================
Received Import Request.
  Time since last request: 0.000068 seconds.
  path: Assets/BasAssetStore/LowPolyVillage/Meshes/Fence/Fence_Small.fbx
  artifactKey: Guid(e12eea50f5b5b504f8e74c2bd1d23d0a) Importer(815301076,1909f56bfc062723c751e8b465ee728b)
Number of updated assets reloaded before import = 0
Start importing Assets/BasAssetStore/LowPolyVillage/Meshes/Fence/Fence_Small.fbx using Guid(e12eea50f5b5b504f8e74c2bd1d23d0a) Importer(815301076,1909f56bfc062723c751e8b465ee728b)  -> (artifact id: '0d4dd7e9f90eb2188d5e91d10b3856c8') in 0.045550 seconds 
Number of asset objects unloaded after import = 9
Editor requested this worker to shutdown with reason: Scaling down because of idle timeout
AssetImportWorker is now disconnected from the server
Process exiting
Exiting without the bug reporter. Application will terminate with return code 0